Start testing: May 13 21:43 RTZ 2 (çèìà)
----------------------------------------------------------
1/110 Testing: StorageService compress does not throw on non-existent path
1/110 Test: StorageService compress does not throw on non-existent path
Command: "C:/Users/Mash/Desktop/PKS/BackupSystem/build/tests/unit_tests.exe" "StorageService compress does not throw on non-existent path"
Directory: C:/Users/Mash/Desktop/PKS/BackupSystem/build/tests
"StorageService compress does not throw on non-existent path" start time: May 13 21:43 RTZ 2 (çèìà)
Output:
----------------------------------------------------------
Filters: "StorageService compress does not throw on non-existent path"
Randomness seeded to: 1342245879
===============================================================================
All tests passed (1 assertion in 1 test case)

<end of output>
Test time =   0.03 sec
----------------------------------------------------------
Test Passed.
"StorageService compress does not throw on non-existent path" end time: May 13 21:43 RTZ 2 (çèìà)
"StorageService compress does not throw on non-existent path" time elapsed: 00:00:00
----------------------------------------------------------

2/110 Testing: StorageService compress on empty directory
2/110 Test: StorageService compress on empty directory
Command: "C:/Users/Mash/Desktop/PKS/BackupSystem/build/tests/unit_tests.exe" "StorageService compress on empty directory"
Directory: C:/Users/Mash/Desktop/PKS/BackupSystem/build/tests
"StorageService compress on empty directory" start time: May 13 21:43 RTZ 2 (çèìà)
Output:
----------------------------------------------------------
Filters: "StorageService compress on empty directory"
Randomness seeded to: 2882437511
===============================================================================
All tests passed (1 assertion in 1 test case)

<end of output>
Test time =   0.03 sec
----------------------------------------------------------
Test Passed.
"StorageService compress on empty directory" end time: May 13 21:43 RTZ 2 (çèìà)
"StorageService compress on empty directory" time elapsed: 00:00:00
----------------------------------------------------------

3/110 Testing: StorageService compress on directory with files
3/110 Test: StorageService compress on directory with files
Command: "C:/Users/Mash/Desktop/PKS/BackupSystem/build/tests/unit_tests.exe" "StorageService compress on directory with files"
Directory: C:/Users/Mash/Desktop/PKS/BackupSystem/build/tests
"StorageService compress on directory with files" start time: May 13 21:43 RTZ 2 (çèìà)
Output:
----------------------------------------------------------
Filters: "StorageService compress on directory with files"
Randomness seeded to: 3081439084
===============================================================================
All tests passed (2 assertions in 1 test case)

<end of output>
Test time =   0.03 sec
----------------------------------------------------------
Test Passed.
"StorageService compress on directory with files" end time: May 13 21:43 RTZ 2 (çèìà)
"StorageService compress on directory with files" time elapsed: 00:00:00
----------------------------------------------------------

4/110 Testing: StorageService compress on subdirectory
4/110 Test: StorageService compress on subdirectory
Command: "C:/Users/Mash/Desktop/PKS/BackupSystem/build/tests/unit_tests.exe" "StorageService compress on subdirectory"
Directory: C:/Users/Mash/Desktop/PKS/BackupSystem/build/tests
"StorageService compress on subdirectory" start time: May 13 21:43 RTZ 2 (çèìà)
Output:
----------------------------------------------------------
Filters: "StorageService compress on subdirectory"
Randomness seeded to: 801512800
===============================================================================
All tests passed (2 assertions in 1 test case)

<end of output>
Test time =   0.03 sec
----------------------------------------------------------
Test Passed.
"StorageService compress on subdirectory" end time: May 13 21:43 RTZ 2 (çèìà)
"StorageService compress on subdirectory" time elapsed: 00:00:00
----------------------------------------------------------

5/110 Testing: StorageService compress on empty file
5/110 Test: StorageService compress on empty file
Command: "C:/Users/Mash/Desktop/PKS/BackupSystem/build/tests/unit_tests.exe" "StorageService compress on empty file"
Directory: C:/Users/Mash/Desktop/PKS/BackupSystem/build/tests
"StorageService compress on empty file" start time: May 13 21:43 RTZ 2 (çèìà)
Output:
----------------------------------------------------------
Filters: "StorageService compress on empty file"
Randomness seeded to: 2403255469
===============================================================================
All tests passed (2 assertions in 1 test case)

<end of output>
Test time =   0.02 sec
----------------------------------------------------------
Test Passed.
"StorageService compress on empty file" end time: May 13 21:43 RTZ 2 (çèìà)
"StorageService compress on empty file" time elapsed: 00:00:00
----------------------------------------------------------

6/110 Testing: StorageService compress on large file (no crash)
6/110 Test: StorageService compress on large file (no crash)
Command: "C:/Users/Mash/Desktop/PKS/BackupSystem/build/tests/unit_tests.exe" "StorageService compress on large file (no crash)"
Directory: C:/Users/Mash/Desktop/PKS/BackupSystem/build/tests
"StorageService compress on large file (no crash)" start time: May 13 21:43 RTZ 2 (çèìà)
Output:
----------------------------------------------------------
Filters: "StorageService compress on large file (no crash)"
Randomness seeded to: 3374714390
===============================================================================
All tests passed (1 assertion in 1 test case)

<end of output>
Test time =   0.05 sec
----------------------------------------------------------
Test Passed.
"StorageService compress on large file (no crash)" end time: May 13 21:43 RTZ 2 (çèìà)
"StorageService compress on large file (no crash)" time elapsed: 00:00:00
----------------------------------------------------------

7/110 Testing: ApplicationFacade create and get jobs
7/110 Test: ApplicationFacade create and get jobs
Command: "C:/Users/Mash/Desktop/PKS/BackupSystem/build/tests/unit_tests.exe" "ApplicationFacade create and get jobs"
Directory: C:/Users/Mash/Desktop/PKS/BackupSystem/build/tests
"ApplicationFacade create and get jobs" start time: May 13 21:43 RTZ 2 (çèìà)
Output:
----------------------------------------------------------
Saved 1 jobs to "jobs.json"
Saved 1 jobs to "jobs.json"
Filters: "ApplicationFacade create and get jobs"
Randomness seeded to: 794518251
===============================================================================
All tests passed (2 assertions in 1 test case)

<end of output>
Test time =   0.04 sec
----------------------------------------------------------
Test Passed.
"ApplicationFacade create and get jobs" end time: May 13 21:43 RTZ 2 (çèìà)
"ApplicationFacade create and get jobs" time elapsed: 00:00:00
----------------------------------------------------------

8/110 Testing: ApplicationFacade updateJob
8/110 Test: ApplicationFacade updateJob
Command: "C:/Users/Mash/Desktop/PKS/BackupSystem/build/tests/unit_tests.exe" "ApplicationFacade updateJob"
Directory: C:/Users/Mash/Desktop/PKS/BackupSystem/build/tests
"ApplicationFacade updateJob" start time: May 13 21:43 RTZ 2 (çèìà)
Output:
----------------------------------------------------------
Saved 1 jobs to "jobs.json"
Saved 1 jobs to "jobs.json"
Filters: "ApplicationFacade updateJob"
Randomness seeded to: 327800070
===============================================================================
All tests passed (1 assertion in 1 test case)

<end of output>
Test time =   0.03 sec
----------------------------------------------------------
Test Passed.
"ApplicationFacade updateJob" end time: May 13 21:43 RTZ 2 (çèìà)
"ApplicationFacade updateJob" time elapsed: 00:00:00
----------------------------------------------------------

9/110 Testing: ApplicationFacade deleteJob
9/110 Test: ApplicationFacade deleteJob
Command: "C:/Users/Mash/Desktop/PKS/BackupSystem/build/tests/unit_tests.exe" "ApplicationFacade deleteJob"
Directory: C:/Users/Mash/Desktop/PKS/BackupSystem/build/tests
"ApplicationFacade deleteJob" start time: May 13 21:43 RTZ 2 (çèìà)
Output:
----------------------------------------------------------
Saved 1 jobs to "jobs.json"
Saved 0 jobs to "jobs.json"
Filters: "ApplicationFacade deleteJob"
Randomness seeded to: 3196358039
===============================================================================
All tests passed (1 assertion in 1 test case)

<end of output>
Test time =   0.03 sec
----------------------------------------------------------
Test Passed.
"ApplicationFacade deleteJob" end time: May 13 21:43 RTZ 2 (çèìà)
"ApplicationFacade deleteJob" time elapsed: 00:00:00
----------------------------------------------------------

10/110 Testing: ApplicationFacade runBackup throws on disabled job
10/110 Test: ApplicationFacade runBackup throws on disabled job
Command: "C:/Users/Mash/Desktop/PKS/BackupSystem/build/tests/unit_tests.exe" "ApplicationFacade runBackup throws on disabled job"
Directory: C:/Users/Mash/Desktop/PKS/BackupSystem/build/tests
"ApplicationFacade runBackup throws on disabled job" start time: May 13 21:43 RTZ 2 (çèìà)
Output:
----------------------------------------------------------
Saved 1 jobs to "jobs.json"
Filters: "ApplicationFacade runBackup throws on disabled job"
Randomness seeded to: 3872388736
===============================================================================
All tests passed (1 assertion in 1 test case)

<end of output>
Test time =   0.03 sec
----------------------------------------------------------
Test Passed.
"ApplicationFacade runBackup throws on disabled job" end time: May 13 21:43 RTZ 2 (çèìà)
"ApplicationFacade runBackup throws on disabled job" time elapsed: 00:00:00
----------------------------------------------------------

11/110 Testing: ApplicationFacade runBackup on non-existent job throws
11/110 Test: ApplicationFacade runBackup on non-existent job throws
Command: "C:/Users/Mash/Desktop/PKS/BackupSystem/build/tests/unit_tests.exe" "ApplicationFacade runBackup on non-existent job throws"
Directory: C:/Users/Mash/Desktop/PKS/BackupSystem/build/tests
"ApplicationFacade runBackup on non-existent job throws" start time: May 13 21:43 RTZ 2 (çèìà)
Output:
----------------------------------------------------------
Filters: "ApplicationFacade runBackup on non-existent job throws"
Randomness seeded to: 1362210590
===============================================================================
All tests passed (1 assertion in 1 test case)

<end of output>
Test time =   0.02 sec
----------------------------------------------------------
Test Passed.
"ApplicationFacade runBackup on non-existent job throws" end time: May 13 21:43 RTZ 2 (çèìà)
"ApplicationFacade runBackup on non-existent job throws" time elapsed: 00:00:00
----------------------------------------------------------

12/110 Testing: ApplicationFacade restore throws on invalid point
12/110 Test: ApplicationFacade restore throws on invalid point
Command: "C:/Users/Mash/Desktop/PKS/BackupSystem/build/tests/unit_tests.exe" "ApplicationFacade restore throws on invalid point"
Directory: C:/Users/Mash/Desktop/PKS/BackupSystem/build/tests
"ApplicationFacade restore throws on invalid point" start time: May 13 21:43 RTZ 2 (çèìà)
Output:
----------------------------------------------------------
Saved 1 jobs to "jobs.json"
Filters: "ApplicationFacade restore throws on invalid point"
Randomness seeded to: 4006854261
===============================================================================
All tests passed (1 assertion in 1 test case)

<end of output>
Test time =   0.03 sec
----------------------------------------------------------
Test Passed.
"ApplicationFacade restore throws on invalid point" end time: May 13 21:43 RTZ 2 (çèìà)
"ApplicationFacade restore throws on invalid point" time elapsed: 00:00:00
----------------------------------------------------------

13/110 Testing: ApplicationFacade loadJobs loads existing jobs.json
13/110 Test: ApplicationFacade loadJobs loads existing jobs.json
Command: "C:/Users/Mash/Desktop/PKS/BackupSystem/build/tests/unit_tests.exe" "ApplicationFacade loadJobs loads existing jobs.json"
Directory: C:/Users/Mash/Desktop/PKS/BackupSystem/build/tests
"ApplicationFacade loadJobs loads existing jobs.json" start time: May 13 21:43 RTZ 2 (çèìà)
Output:
----------------------------------------------------------
Loading 1 jobs from "jobs.json"
Restored 0 file hashes for job "f5"
Filters: "ApplicationFacade loadJobs loads existing jobs.json"
Randomness seeded to: 3884588774
===============================================================================
All tests passed (1 assertion in 1 test case)

<end of output>
Test time =   0.02 sec
----------------------------------------------------------
Test Passed.
"ApplicationFacade loadJobs loads existing jobs.json" end time: May 13 21:43 RTZ 2 (çèìà)
"ApplicationFacade loadJobs loads existing jobs.json" time elapsed: 00:00:00
----------------------------------------------------------

14/110 Testing: JobRepository save and load empty
14/110 Test: JobRepository save and load empty
Command: "C:/Users/Mash/Desktop/PKS/BackupSystem/build/tests/unit_tests.exe" "JobRepository save and load empty"
Directory: C:/Users/Mash/Desktop/PKS/BackupSystem/build/tests
"JobRepository save and load empty" start time: May 13 21:43 RTZ 2 (çèìà)
Output:
----------------------------------------------------------
Saved 0 jobs to "C:\\Users\\Mash\\AppData\\Local\\Temp\\empty_repo.json"
Loading 0 jobs from "C:\\Users\\Mash\\AppData\\Local\\Temp\\empty_repo.json"
Filters: "JobRepository save and load empty"
Randomness seeded to: 1936336192
===============================================================================
All tests passed (1 assertion in 1 test case)

<end of output>
Test time =   0.03 sec
----------------------------------------------------------
Test Passed.
"JobRepository save and load empty" end time: May 13 21:43 RTZ 2 (çèìà)
"JobRepository save and load empty" time elapsed: 00:00:00
----------------------------------------------------------

15/110 Testing: JobRepository save and load one job
15/110 Test: JobRepository save and load one job
Command: "C:/Users/Mash/Desktop/PKS/BackupSystem/build/tests/unit_tests.exe" "JobRepository save and load one job"
Directory: C:/Users/Mash/Desktop/PKS/BackupSystem/build/tests
"JobRepository save and load one job" start time: May 13 21:43 RTZ 2 (çèìà)
Output:
----------------------------------------------------------
Saved 1 jobs to "C:\\Users\\Mash\\AppData\\Local\\Temp\\one_job.json"
Loading 1 jobs from "C:\\Users\\Mash\\AppData\\Local\\Temp\\one_job.json"
Restored 0 file hashes for job "id1"
Filters: "JobRepository save and load one job"
Randomness seeded to: 1399306188
===============================================================================
All tests passed (7 assertions in 1 test case)

<end of output>
Test time =   0.03 sec
----------------------------------------------------------
Test Passed.
"JobRepository save and load one job" end time: May 13 21:43 RTZ 2 (çèìà)
"JobRepository save and load one job" time elapsed: 00:00:00
----------------------------------------------------------

16/110 Testing: JobRepository persists restore points
16/110 Test: JobRepository persists restore points
Command: "C:/Users/Mash/Desktop/PKS/BackupSystem/build/tests/unit_tests.exe" "JobRepository persists restore points"
Directory: C:/Users/Mash/Desktop/PKS/BackupSystem/build/tests
"JobRepository persists restore points" start time: May 13 21:43 RTZ 2 (çèìà)
Output:
----------------------------------------------------------
Saved 1 jobs to "C:\\Users\\Mash\\AppData\\Local\\Temp\\with_points.json"
Loading 1 jobs from "C:\\Users\\Mash\\AppData\\Local\\Temp\\with_points.json"
Restored 0 file hashes for job "id"
Filters: "JobRepository persists restore points"
Randomness seeded to: 3134659124
===============================================================================
All tests passed (2 assertions in 1 test case)

<end of output>
Test time =   0.03 sec
----------------------------------------------------------
Test Passed.
"JobRepository persists restore points" end time: May 13 21:43 RTZ 2 (çèìà)
"JobRepository persists restore points" time elapsed: 00:00:00
----------------------------------------------------------

17/110 Testing: JobRepository persists file hashes
17/110 Test: JobRepository persists file hashes
Command: "C:/Users/Mash/Desktop/PKS/BackupSystem/build/tests/unit_tests.exe" "JobRepository persists file hashes"
Directory: C:/Users/Mash/Desktop/PKS/BackupSystem/build/tests
"JobRepository persists file hashes" start time: May 13 21:43 RTZ 2 (çèìà)
Output:
----------------------------------------------------------
Saved 1 jobs to "C:\\Users\\Mash\\AppData\\Local\\Temp\\hashes.json"
Loading 1 jobs from "C:\\Users\\Mash\\AppData\\Local\\Temp\\hashes.json"
Restored 1 file hashes for job "id"
Filters: "JobRepository persists file hashes"
Randomness seeded to: 1156359592
===============================================================================
All tests passed (2 assertions in 1 test case)

<end of output>
Test time =   0.03 sec
----------------------------------------------------------
Test Passed.
"JobRepository persists file hashes" end time: May 13 21:43 RTZ 2 (çèìà)
"JobRepository persists file hashes" time elapsed: 00:00:00
----------------------------------------------------------

18/110 Testing: JobRepository loads only existing restore points
18/110 Test: JobRepository loads only existing restore points
Command: "C:/Users/Mash/Desktop/PKS/BackupSystem/build/tests/unit_tests.exe" "JobRepository loads only existing restore points"
Directory: C:/Users/Mash/Desktop/PKS/BackupSystem/build/tests
"JobRepository loads only existing restore points" start time: May 13 21:43 RTZ 2 (çèìà)
Output:
----------------------------------------------------------
Saved 1 jobs to "C:\\Users\\Mash\\AppData\\Local\\Temp\\missing_points.json"
Loading 1 jobs from "C:\\Users\\Mash\\AppData\\Local\\Temp\\missing_points.json"
Warning: Restore point not found: "/non/existent/path"
Restored 0 file hashes for job "id"
Filters: "JobRepository loads only existing restore points"
Randomness seeded to: 3063600744
===============================================================================
All tests passed (1 assertion in 1 test case)

<end of output>
Test time =   0.03 sec
----------------------------------------------------------
Test Passed.
"JobRepository loads only existing restore points" end time: May 13 21:43 RTZ 2 (çèìà)
"JobRepository loads only existing restore points" time elapsed: 00:00:00
----------------------------------------------------------

19/110 Testing: JobService create and get jobs
19/110 Test: JobService create and get jobs
Command: "C:/Users/Mash/Desktop/PKS/BackupSystem/build/tests/unit_tests.exe" "JobService create and get jobs"
Directory: C:/Users/Mash/Desktop/PKS/BackupSystem/build/tests
"JobService create and get jobs" start time: May 13 21:43 RTZ 2 (çèìà)
Output:
----------------------------------------------------------
Saved 1 jobs to "C:\\Users\\Mash\\AppData\\Local\\Temp\\jobservice_test.json"
Filters: "JobService create and get jobs"
Randomness seeded to: 1950069148
===============================================================================
All tests passed (2 assertions in 1 test case)

<end of output>
Test time =   0.02 sec
----------------------------------------------------------
Test Passed.
"JobService create and get jobs" end time: May 13 21:43 RTZ 2 (çèìà)
"JobService create and get jobs" time elapsed: 00:00:00
----------------------------------------------------------

20/110 Testing: JobService updateJob
20/110 Test: JobService updateJob
Command: "C:/Users/Mash/Desktop/PKS/BackupSystem/build/tests/unit_tests.exe" "JobService updateJob"
Directory: C:/Users/Mash/Desktop/PKS/BackupSystem/build/tests
"JobService updateJob" start time: May 13 21:43 RTZ 2 (çèìà)
Output:
----------------------------------------------------------
Saved 1 jobs to "C:\\Users\\Mash\\AppData\\Local\\Temp\\update_test.json"
Saved 1 jobs to "C:\\Users\\Mash\\AppData\\Local\\Temp\\update_test.json"
Filters: "JobService updateJob"
Randomness seeded to: 1500875916
===============================================================================
All tests passed (1 assertion in 1 test case)

<end of output>
Test time =   0.02 sec
----------------------------------------------------------
Test Passed.
"JobService updateJob" end time: May 13 21:43 RTZ 2 (çèìà)
"JobService updateJob" time elapsed: 00:00:00
----------------------------------------------------------

21/110 Testing: JobService deleteJob
21/110 Test: JobService deleteJob
Command: "C:/Users/Mash/Desktop/PKS/BackupSystem/build/tests/unit_tests.exe" "JobService deleteJob"
Directory: C:/Users/Mash/Desktop/PKS/BackupSystem/build/tests
"JobService deleteJob" start time: May 13 21:43 RTZ 2 (çèìà)
Output:
----------------------------------------------------------
Saved 1 jobs to "C:\\Users\\Mash\\AppData\\Local\\Temp\\delete_test.json"
Saved 0 jobs to "C:\\Users\\Mash\\AppData\\Local\\Temp\\delete_test.json"
Filters: "JobService deleteJob"
Randomness seeded to: 1803465224
===============================================================================
All tests passed (2 assertions in 1 test case)

<end of output>
Test time =   0.02 sec
----------------------------------------------------------
Test Passed.
"JobService deleteJob" end time: May 13 21:43 RTZ 2 (çèìà)
"JobService deleteJob" time elapsed: 00:00:00
----------------------------------------------------------

22/110 Testing: JobService load from file
22/110 Test: JobService load from file
Command: "C:/Users/Mash/Desktop/PKS/BackupSystem/build/tests/unit_tests.exe" "JobService load from file"
Directory: C:/Users/Mash/Desktop/PKS/BackupSystem/build/tests
"JobService load from file" start time: May 13 21:43 RTZ 2 (çèìà)
Output:
----------------------------------------------------------
Saved 1 jobs to "C:\\Users\\Mash\\AppData\\Local\\Temp\\load_test.json"
Loading 1 jobs from "C:\\Users\\Mash\\AppData\\Local\\Temp\\load_test.json"
Restored 0 file hashes for job "id4"
Filters: "JobService load from file"
Randomness seeded to: 2567014325
===============================================================================
All tests passed (2 assertions in 1 test case)

<end of output>
Test time =   0.03 sec
----------------------------------------------------------
Test Passed.
"JobService load from file" end time: May 13 21:43 RTZ 2 (çèìà)
"JobService load from file" time elapsed: 00:00:00
----------------------------------------------------------

23/110 Testing: JobService create multiple jobs
23/110 Test: JobService create multiple jobs
Command: "C:/Users/Mash/Desktop/PKS/BackupSystem/build/tests/unit_tests.exe" "JobService create multiple jobs"
Directory: C:/Users/Mash/Desktop/PKS/BackupSystem/build/tests
"JobService create multiple jobs" start time: May 13 21:43 RTZ 2 (çèìà)
Output:
----------------------------------------------------------
Saved 1 jobs to "C:\\Users\\Mash\\AppData\\Local\\Temp\\multi.json"
Saved 2 jobs to "C:\\Users\\Mash\\AppData\\Local\\Temp\\multi.json"
Saved 3 jobs to "C:\\Users\\Mash\\AppData\\Local\\Temp\\multi.json"
Saved 4 jobs to "C:\\Users\\Mash\\AppData\\Local\\Temp\\multi.json"
Saved 5 jobs to "C:\\Users\\Mash\\AppData\\Local\\Temp\\multi.json"
Filters: "JobService create multiple jobs"
Randomness seeded to: 2258519810
===============================================================================
All tests passed (1 assertion in 1 test case)

<end of output>
Test time =   0.04 sec
----------------------------------------------------------
Test Passed.
"JobService create multiple jobs" end time: May 13 21:43 RTZ 2 (çèìà)
"JobService create multiple jobs" time elapsed: 00:00:00
----------------------------------------------------------

24/110 Testing: JobService update non-existent job does nothing
24/110 Test: JobService update non-existent job does nothing
Command: "C:/Users/Mash/Desktop/PKS/BackupSystem/build/tests/unit_tests.exe" "JobService update non-existent job does nothing"
Directory: C:/Users/Mash/Desktop/PKS/BackupSystem/build/tests
"JobService update non-existent job does nothing" start time: May 13 21:43 RTZ 2 (çèìà)
Output:
----------------------------------------------------------
Saved 0 jobs to "C:\\Users\\Mash\\AppData\\Local\\Temp\\nonexistent_update.json"
Filters: "JobService update non-existent job does nothing"
Randomness seeded to: 2226635364
===============================================================================
All tests passed (1 assertion in 1 test case)

<end of output>
Test time =   0.02 sec
----------------------------------------------------------
Test Passed.
"JobService update non-existent job does nothing" end time: May 13 21:43 RTZ 2 (çèìà)
"JobService update non-existent job does nothing" time elapsed: 00:00:00
----------------------------------------------------------

25/110 Testing: RestoreService restores a full backup point
25/110 Test: RestoreService restores a full backup point
Command: "C:/Users/Mash/Desktop/PKS/BackupSystem/build/tests/unit_tests.exe" "RestoreService restores a full backup point"
Directory: C:/Users/Mash/Desktop/PKS/BackupSystem/build/tests
"RestoreService restores a full backup point" start time: May 13 21:43 RTZ 2 (çèìà)
Output:
----------------------------------------------------------
Filters: "RestoreService restores a full backup point"
Randomness seeded to: 4218458067
===============================================================================
All tests passed (2 assertions in 1 test case)

<end of output>
Test time =   0.15 sec
----------------------------------------------------------
Test Passed.
"RestoreService restores a full backup point" end time: May 13 21:43 RTZ 2 (çèìà)
"RestoreService restores a full backup point" time elapsed: 00:00:00
----------------------------------------------------------

26/110 Testing: RestoreService throws if point not found
26/110 Test: RestoreService throws if point not found
Command: "C:/Users/Mash/Desktop/PKS/BackupSystem/build/tests/unit_tests.exe" "RestoreService throws if point not found"
Directory: C:/Users/Mash/Desktop/PKS/BackupSystem/build/tests
"RestoreService throws if point not found" start time: May 13 21:43 RTZ 2 (çèìà)
Output:
----------------------------------------------------------
Filters: "RestoreService throws if point not found"
Randomness seeded to: 3100335869
===============================================================================
All tests passed (1 assertion in 1 test case)

<end of output>
Test time =   0.03 sec
----------------------------------------------------------
Test Passed.
"RestoreService throws if point not found" end time: May 13 21:43 RTZ 2 (çèìà)
"RestoreService throws if point not found" time elapsed: 00:00:00
----------------------------------------------------------

27/110 Testing: RestoreService restores from incremental point
27/110 Test: RestoreService restores from incremental point
Command: "C:/Users/Mash/Desktop/PKS/BackupSystem/build/tests/unit_tests.exe" "RestoreService restores from incremental point"
Directory: C:/Users/Mash/Desktop/PKS/BackupSystem/build/tests
"RestoreService restores from incremental point" start time: May 13 21:43 RTZ 2 (çèìà)
Output:
----------------------------------------------------------
Filters: "RestoreService restores from incremental point"
Randomness seeded to: 1079872411
===============================================================================
All tests passed (3 assertions in 1 test case)

<end of output>
Test time =   0.15 sec
----------------------------------------------------------
Test Passed.
"RestoreService restores from incremental point" end time: May 13 21:43 RTZ 2 (çèìà)
"RestoreService restores from incremental point" time elapsed: 00:00:00
----------------------------------------------------------

28/110 Testing: RestoreService restores multiple files
28/110 Test: RestoreService restores multiple files
Command: "C:/Users/Mash/Desktop/PKS/BackupSystem/build/tests/unit_tests.exe" "RestoreService restores multiple files"
Directory: C:/Users/Mash/Desktop/PKS/BackupSystem/build/tests
"RestoreService restores multiple files" start time: May 13 21:43 RTZ 2 (çèìà)
Output:
----------------------------------------------------------
Filters: "RestoreService restores multiple files"
Randomness seeded to: 1847779133
===============================================================================
All tests passed (2 assertions in 1 test case)

<end of output>
Test time =   0.04 sec
----------------------------------------------------------
Test Passed.
"RestoreService restores multiple files" end time: May 13 21:43 RTZ 2 (çèìà)
"RestoreService restores multiple files" time elapsed: 00:00:00
----------------------------------------------------------

29/110 Testing: RestoreService creates restore directory
29/110 Test: RestoreService creates restore directory
Command: "C:/Users/Mash/Desktop/PKS/BackupSystem/build/tests/unit_tests.exe" "RestoreService creates restore directory"
Directory: C:/Users/Mash/Desktop/PKS/BackupSystem/build/tests
"RestoreService creates restore directory" start time: May 13 21:43 RTZ 2 (çèìà)
Output:
----------------------------------------------------------
Filters: "RestoreService creates restore directory"
Randomness seeded to: 2947534165
===============================================================================
All tests passed (1 assertion in 1 test case)

<end of output>
Test time =   0.03 sec
----------------------------------------------------------
Test Passed.
"RestoreService creates restore directory" end time: May 13 21:43 RTZ 2 (çèìà)
"RestoreService creates restore directory" time elapsed: 00:00:00
----------------------------------------------------------

30/110 Testing: BackupService first backup creates FULL point
30/110 Test: BackupService first backup creates FULL point
Command: "C:/Users/Mash/Desktop/PKS/BackupSystem/build/tests/unit_tests.exe" "BackupService first backup creates FULL point"
Directory: C:/Users/Mash/Desktop/PKS/BackupSystem/build/tests
"BackupService first backup creates FULL point" start time: May 13 21:43 RTZ 2 (çèìà)
Output:
----------------------------------------------------------
Filters: "BackupService first backup creates FULL point"
Randomness seeded to: 2181262300
===============================================================================
All tests passed (2 assertions in 1 test case)

<end of output>
Test time =   0.02 sec
----------------------------------------------------------
Test Passed.
"BackupService first backup creates FULL point" end time: May 13 21:43 RTZ 2 (çèìà)
"BackupService first backup creates FULL point" time elapsed: 00:00:00
----------------------------------------------------------

31/110 Testing: BackupService incremental after file change
31/110 Test: BackupService incremental after file change
Command: "C:/Users/Mash/Desktop/PKS/BackupSystem/build/tests/unit_tests.exe" "BackupService incremental after file change"
Directory: C:/Users/Mash/Desktop/PKS/BackupSystem/build/tests
"BackupService incremental after file change" start time: May 13 21:43 RTZ 2 (çèìà)
Output:
----------------------------------------------------------
Filters: "BackupService incremental after file change"
Randomness seeded to: 4033577378
===============================================================================
All tests passed (2 assertions in 1 test case)

<end of output>
Test time =   0.02 sec
----------------------------------------------------------
Test Passed.
"BackupService incremental after file change" end time: May 13 21:43 RTZ 2 (çèìà)
"BackupService incremental after file change" time elapsed: 00:00:00
----------------------------------------------------------

32/110 Testing: BackupService no changes still creates a point (empty)
32/110 Test: BackupService no changes still creates a point (empty)
Command: "C:/Users/Mash/Desktop/PKS/BackupSystem/build/tests/unit_tests.exe" "BackupService no changes still creates a point (empty)"
Directory: C:/Users/Mash/Desktop/PKS/BackupSystem/build/tests
"BackupService no changes still creates a point (empty)" start time: May 13 21:43 RTZ 2 (çèìà)
Output:
----------------------------------------------------------
Filters: "BackupService no changes still creates a point (empty)"
Randomness seeded to: 3743913380
===============================================================================
All tests passed (1 assertion in 1 test case)

<end of output>
Test time =   0.03 sec
----------------------------------------------------------
Test Passed.
"BackupService no changes still creates a point (empty)" end time: May 13 21:43 RTZ 2 (çèìà)
"BackupService no changes still creates a point (empty)" time elapsed: 00:00:00
----------------------------------------------------------

33/110 Testing: BackupService multiple files incremental
33/110 Test: BackupService multiple files incremental
Command: "C:/Users/Mash/Desktop/PKS/BackupSystem/build/tests/unit_tests.exe" "BackupService multiple files incremental"
Directory: C:/Users/Mash/Desktop/PKS/BackupSystem/build/tests
"BackupService multiple files incremental" start time: May 13 21:43 RTZ 2 (çèìà)
Output:
----------------------------------------------------------
Filters: "BackupService multiple files incremental"
Randomness seeded to: 399845566
===============================================================================
All tests passed (2 assertions in 1 test case)

<end of output>
Test time =   0.04 sec
----------------------------------------------------------
Test Passed.
"BackupService multiple files incremental" end time: May 13 21:43 RTZ 2 (çèìà)
"BackupService multiple files incremental" time elapsed: 00:00:00
----------------------------------------------------------

34/110 Testing: BackupService handles empty source directory
34/110 Test: BackupService handles empty source directory
Command: "C:/Users/Mash/Desktop/PKS/BackupSystem/build/tests/unit_tests.exe" "BackupService handles empty source directory"
Directory: C:/Users/Mash/Desktop/PKS/BackupSystem/build/tests
"BackupService handles empty source directory" start time: May 13 21:43 RTZ 2 (çèìà)
Output:
----------------------------------------------------------
Filters: "BackupService handles empty source directory"
Randomness seeded to: 4073485603
===============================================================================
All tests passed (2 assertions in 1 test case)

<end of output>
Test time =   0.02 sec
----------------------------------------------------------
Test Passed.
"BackupService handles empty source directory" end time: May 13 21:43 RTZ 2 (çèìà)
"BackupService handles empty source directory" time elapsed: 00:00:00
----------------------------------------------------------

35/110 Testing: RetentionService keeps at least minRestorePoints (default 3)
35/110 Test: RetentionService keeps at least minRestorePoints (default 3)
Command: "C:/Users/Mash/Desktop/PKS/BackupSystem/build/tests/unit_tests.exe" "RetentionService keeps at least minRestorePoints (default 3)"
Directory: C:/Users/Mash/Desktop/PKS/BackupSystem/build/tests
"RetentionService keeps at least minRestorePoints (default 3)" start time: May 13 21:43 RTZ 2 (çèìà)
Output:
----------------------------------------------------------
Filters: "RetentionService keeps at least minRestorePoints (default 3)"
Randomness seeded to: 4209314606
===============================================================================
All tests passed (1 assertion in 1 test case)

<end of output>
Test time =   0.02 sec
----------------------------------------------------------
Test Passed.
"RetentionService keeps at least minRestorePoints (default 3)" end time: May 13 21:43 RTZ 2 (çèìà)
"RetentionService keeps at least minRestorePoints (default 3)" time elapsed: 00:00:00
----------------------------------------------------------

36/110 Testing: RetentionService respects custom minRestorePoints
36/110 Test: RetentionService respects custom minRestorePoints
Command: "C:/Users/Mash/Desktop/PKS/BackupSystem/build/tests/unit_tests.exe" "RetentionService respects custom minRestorePoints"
Directory: C:/Users/Mash/Desktop/PKS/BackupSystem/build/tests
"RetentionService respects custom minRestorePoints" start time: May 13 21:43 RTZ 2 (çèìà)
Output:
----------------------------------------------------------
Filters: "RetentionService respects custom minRestorePoints"
Randomness seeded to: 1571815950
===============================================================================
All tests passed (1 assertion in 1 test case)

<end of output>
Test time =   0.02 sec
----------------------------------------------------------
Test Passed.
"RetentionService respects custom minRestorePoints" end time: May 13 21:43 RTZ 2 (çèìà)
"RetentionService respects custom minRestorePoints" time elapsed: 00:00:00
----------------------------------------------------------

37/110 Testing: RetentionService removes points older than maxDays
37/110 Test: RetentionService removes points older than maxDays
Command: "C:/Users/Mash/Desktop/PKS/BackupSystem/build/tests/unit_tests.exe" "RetentionService removes points older than maxDays"
Directory: C:/Users/Mash/Desktop/PKS/BackupSystem/build/tests
"RetentionService removes points older than maxDays" start time: May 13 21:43 RTZ 2 (çèìà)
Output:
----------------------------------------------------------
Filters: "RetentionService removes points older than maxDays"
Randomness seeded to: 64656295
===============================================================================
All tests passed (2 assertions in 1 test case)

<end of output>
Test time =   0.02 sec
----------------------------------------------------------
Test Passed.
"RetentionService removes points older than maxDays" end time: May 13 21:43 RTZ 2 (çèìà)
"RetentionService removes points older than maxDays" time elapsed: 00:00:00
----------------------------------------------------------

38/110 Testing: RetentionService respects maxStorageSize
38/110 Test: RetentionService respects maxStorageSize
Command: "C:/Users/Mash/Desktop/PKS/BackupSystem/build/tests/unit_tests.exe" "RetentionService respects maxStorageSize"
Directory: C:/Users/Mash/Desktop/PKS/BackupSystem/build/tests
"RetentionService respects maxStorageSize" start time: May 13 21:43 RTZ 2 (çèìà)
Output:
----------------------------------------------------------
Filters: "RetentionService respects maxStorageSize"
Randomness seeded to: 3783122983
===============================================================================
All tests passed (2 assertions in 1 test case)

<end of output>
Test time =   0.02 sec
----------------------------------------------------------
Test Passed.
"RetentionService respects maxStorageSize" end time: May 13 21:43 RTZ 2 (çèìà)
"RetentionService respects maxStorageSize" time elapsed: 00:00:00
----------------------------------------------------------

39/110 Testing: RetentionService maxStorageSize does not remove below min points
39/110 Test: RetentionService maxStorageSize does not remove below min points
Command: "C:/Users/Mash/Desktop/PKS/BackupSystem/build/tests/unit_tests.exe" "RetentionService maxStorageSize does not remove below min points"
Directory: C:/Users/Mash/Desktop/PKS/BackupSystem/build/tests
"RetentionService maxStorageSize does not remove below min points" start time: May 13 21:43 RTZ 2 (çèìà)
Output:
----------------------------------------------------------
Filters: "RetentionService maxStorageSize does not remove below min points"
Randomness seeded to: 995409779
===============================================================================
All tests passed (1 assertion in 1 test case)

<end of output>
Test time =   0.03 sec
----------------------------------------------------------
Test Passed.
"RetentionService maxStorageSize does not remove below min points" end time: May 13 21:43 RTZ 2 (çèìà)
"RetentionService maxStorageSize does not remove below min points" time elapsed: 00:00:00
----------------------------------------------------------

40/110 Testing: RetentionService combines maxDays and maxStorageSize
40/110 Test: RetentionService combines maxDays and maxStorageSize
Command: "C:/Users/Mash/Desktop/PKS/BackupSystem/build/tests/unit_tests.exe" "RetentionService combines maxDays and maxStorageSize"
Directory: C:/Users/Mash/Desktop/PKS/BackupSystem/build/tests
"RetentionService combines maxDays and maxStorageSize" start time: May 13 21:43 RTZ 2 (çèìà)
Output:
----------------------------------------------------------
Filters: "RetentionService combines maxDays and maxStorageSize"
Randomness seeded to: 696174281
===============================================================================
All tests passed (2 assertions in 1 test case)

<end of output>
Test time =   0.03 sec
----------------------------------------------------------
Test Passed.
"RetentionService combines maxDays and maxStorageSize" end time: May 13 21:43 RTZ 2 (çèìà)
"RetentionService combines maxDays and maxStorageSize" time elapsed: 00:00:00
----------------------------------------------------------

41/110 Testing: RetentionService handles empty points list
41/110 Test: RetentionService handles empty points list
Command: "C:/Users/Mash/Desktop/PKS/BackupSystem/build/tests/unit_tests.exe" "RetentionService handles empty points list"
Directory: C:/Users/Mash/Desktop/PKS/BackupSystem/build/tests
"RetentionService handles empty points list" start time: May 13 21:43 RTZ 2 (çèìà)
Output:
----------------------------------------------------------
Filters: "RetentionService handles empty points list"
Randomness seeded to: 2262252951
===============================================================================
All tests passed (2 assertions in 1 test case)

<end of output>
Test time =   0.02 sec
----------------------------------------------------------
Test Passed.
"RetentionService handles empty points list" end time: May 13 21:43 RTZ 2 (çèìà)
"RetentionService handles empty points list" time elapsed: 00:00:00
----------------------------------------------------------

42/110 Testing: CompressionService compress single file
42/110 Test: CompressionService compress single file
Command: "C:/Users/Mash/Desktop/PKS/BackupSystem/build/tests/unit_tests.exe" "CompressionService compress single file"
Directory: C:/Users/Mash/Desktop/PKS/BackupSystem/build/tests
"CompressionService compress single file" start time: May 13 21:43 RTZ 2 (çèìà)
Output:
----------------------------------------------------------
Filters: "CompressionService compress single file"
Randomness seeded to: 2972672644
===============================================================================
All tests passed (2 assertions in 1 test case)

<end of output>
Test time =   0.54 sec
----------------------------------------------------------
Test Passed.
"CompressionService compress single file" end time: May 13 21:43 RTZ 2 (çèìà)
"CompressionService compress single file" time elapsed: 00:00:00
----------------------------------------------------------

43/110 Testing: CompressionService compress multiple files
43/110 Test: CompressionService compress multiple files
Command: "C:/Users/Mash/Desktop/PKS/BackupSystem/build/tests/unit_tests.exe" "CompressionService compress multiple files"
Directory: C:/Users/Mash/Desktop/PKS/BackupSystem/build/tests
"CompressionService compress multiple files" start time: May 13 21:43 RTZ 2 (çèìà)
Output:
----------------------------------------------------------
Filters: "CompressionService compress multiple files"
Randomness seeded to: 309293346
===============================================================================
All tests passed (4 assertions in 1 test case)

<end of output>
Test time =   0.55 sec
----------------------------------------------------------
Test Passed.
"CompressionService compress multiple files" end time: May 13 21:43 RTZ 2 (çèìà)
"CompressionService compress multiple files" time elapsed: 00:00:00
----------------------------------------------------------

44/110 Testing: CompressionService compress subdirectories
44/110 Test: CompressionService compress subdirectories
Command: "C:/Users/Mash/Desktop/PKS/BackupSystem/build/tests/unit_tests.exe" "CompressionService compress subdirectories"
Directory: C:/Users/Mash/Desktop/PKS/BackupSystem/build/tests
"CompressionService compress subdirectories" start time: May 13 21:43 RTZ 2 (çèìà)
Output:
----------------------------------------------------------
Filters: "CompressionService compress subdirectories"
Randomness seeded to: 3084590970
===============================================================================
All tests passed (1 assertion in 1 test case)

<end of output>
Test time =   0.54 sec
----------------------------------------------------------
Test Passed.
"CompressionService compress subdirectories" end time: May 13 21:43 RTZ 2 (çèìà)
"CompressionService compress subdirectories" time elapsed: 00:00:00
----------------------------------------------------------

45/110 Testing: CompressionService decompress restores original
45/110 Test: CompressionService decompress restores original
Command: "C:/Users/Mash/Desktop/PKS/BackupSystem/build/tests/unit_tests.exe" "CompressionService decompress restores original"
Directory: C:/Users/Mash/Desktop/PKS/BackupSystem/build/tests
"CompressionService decompress restores original" start time: May 13 21:43 RTZ 2 (çèìà)
Output:
----------------------------------------------------------
Filters: "CompressionService decompress restores original"
Randomness seeded to: 3897291374
===============================================================================
All tests passed (2 assertions in 1 test case)

<end of output>
Test time =   1.07 sec
----------------------------------------------------------
Test Passed.
"CompressionService decompress restores original" end time: May 13 21:43 RTZ 2 (çèìà)
"CompressionService decompress restores original" time elapsed: 00:00:01
----------------------------------------------------------

46/110 Testing: CompressionService decompress with multiple files
46/110 Test: CompressionService decompress with multiple files
Command: "C:/Users/Mash/Desktop/PKS/BackupSystem/build/tests/unit_tests.exe" "CompressionService decompress with multiple files"
Directory: C:/Users/Mash/Desktop/PKS/BackupSystem/build/tests
"CompressionService decompress with multiple files" start time: May 13 21:43 RTZ 2 (çèìà)
Output:
----------------------------------------------------------
Filters: "CompressionService decompress with multiple files"
Randomness seeded to: 3753929038
===============================================================================
All tests passed (2 assertions in 1 test case)

<end of output>
Test time =   1.06 sec
----------------------------------------------------------
Test Passed.
"CompressionService decompress with multiple files" end time: May 13 21:43 RTZ 2 (çèìà)
"CompressionService decompress with multiple files" time elapsed: 00:00:01
----------------------------------------------------------

47/110 Testing: DiffService with empty hashes marks all as changed
47/110 Test: DiffService with empty hashes marks all as changed
Command: "C:/Users/Mash/Desktop/PKS/BackupSystem/build/tests/unit_tests.exe" "DiffService with empty hashes marks all as changed"
Directory: C:/Users/Mash/Desktop/PKS/BackupSystem/build/tests
"DiffService with empty hashes marks all as changed" start time: May 13 21:43 RTZ 2 (çèìà)
Output:
----------------------------------------------------------
Filters: "DiffService with empty hashes marks all as changed"
Randomness seeded to: 4227623562
===============================================================================
All tests passed (2 assertions in 1 test case)

<end of output>
Test time =   0.03 sec
----------------------------------------------------------
Test Passed.
"DiffService with empty hashes marks all as changed" end time: May 13 21:43 RTZ 2 (çèìà)
"DiffService with empty hashes marks all as changed" time elapsed: 00:00:00
----------------------------------------------------------

48/110 Testing: DiffService with matching hashes marks none changed
48/110 Test: DiffService with matching hashes marks none changed
Command: "C:/Users/Mash/Desktop/PKS/BackupSystem/build/tests/unit_tests.exe" "DiffService with matching hashes marks none changed"
Directory: C:/Users/Mash/Desktop/PKS/BackupSystem/build/tests
"DiffService with matching hashes marks none changed" start time: May 13 21:43 RTZ 2 (çèìà)
Output:
----------------------------------------------------------
Filters: "DiffService with matching hashes marks none changed"
Randomness seeded to: 2790670388
===============================================================================
All tests passed (2 assertions in 1 test case)

<end of output>
Test time =   0.03 sec
----------------------------------------------------------
Test Passed.
"DiffService with matching hashes marks none changed" end time: May 13 21:43 RTZ 2 (çèìà)
"DiffService with matching hashes marks none changed" time elapsed: 00:00:00
----------------------------------------------------------

49/110 Testing: DiffService detects changed file content
49/110 Test: DiffService detects changed file content
Command: "C:/Users/Mash/Desktop/PKS/BackupSystem/build/tests/unit_tests.exe" "DiffService detects changed file content"
Directory: C:/Users/Mash/Desktop/PKS/BackupSystem/build/tests
"DiffService detects changed file content" start time: May 13 21:43 RTZ 2 (çèìà)
Output:
----------------------------------------------------------
Filters: "DiffService detects changed file content"
Randomness seeded to: 3577446462
===============================================================================
All tests passed (2 assertions in 1 test case)

<end of output>
Test time =   0.03 sec
----------------------------------------------------------
Test Passed.
"DiffService detects changed file content" end time: May 13 21:43 RTZ 2 (çèìà)
"DiffService detects changed file content" time elapsed: 00:00:00
----------------------------------------------------------

50/110 Testing: DiffService handles new file not in hashes
50/110 Test: DiffService handles new file not in hashes
Command: "C:/Users/Mash/Desktop/PKS/BackupSystem/build/tests/unit_tests.exe" "DiffService handles new file not in hashes"
Directory: C:/Users/Mash/Desktop/PKS/BackupSystem/build/tests
"DiffService handles new file not in hashes" start time: May 13 21:43 RTZ 2 (çèìà)
Output:
----------------------------------------------------------
Filters: "DiffService handles new file not in hashes"
Randomness seeded to: 543859691
===============================================================================
All tests passed (2 assertions in 1 test case)

<end of output>
Test time =   0.03 sec
----------------------------------------------------------
Test Passed.
"DiffService handles new file not in hashes" end time: May 13 21:43 RTZ 2 (çèìà)
"DiffService handles new file not in hashes" time elapsed: 00:00:00
----------------------------------------------------------

51/110 Testing: DiffService updates hash for changed files
51/110 Test: DiffService updates hash for changed files
Command: "C:/Users/Mash/Desktop/PKS/BackupSystem/build/tests/unit_tests.exe" "DiffService updates hash for changed files"
Directory: C:/Users/Mash/Desktop/PKS/BackupSystem/build/tests
"DiffService updates hash for changed files" start time: May 13 21:43 RTZ 2 (çèìà)
Output:
----------------------------------------------------------
Filters: "DiffService updates hash for changed files"
Randomness seeded to: 1947651019
===============================================================================
All tests passed (3 assertions in 1 test case)

<end of output>
Test time =   0.03 sec
----------------------------------------------------------
Test Passed.
"DiffService updates hash for changed files" end time: May 13 21:43 RTZ 2 (çèìà)
"DiffService updates hash for changed files" time elapsed: 00:00:00
----------------------------------------------------------

52/110 Testing: DiffService with multiple files some changed
52/110 Test: DiffService with multiple files some changed
Command: "C:/Users/Mash/Desktop/PKS/BackupSystem/build/tests/unit_tests.exe" "DiffService with multiple files some changed"
Directory: C:/Users/Mash/Desktop/PKS/BackupSystem/build/tests
"DiffService with multiple files some changed" start time: May 13 21:43 RTZ 2 (çèìà)
Output:
----------------------------------------------------------
Filters: "DiffService with multiple files some changed"
Randomness seeded to: 757051401
===============================================================================
All tests passed (2 assertions in 1 test case)

<end of output>
Test time =   0.02 sec
----------------------------------------------------------
Test Passed.
"DiffService with multiple files some changed" end time: May 13 21:43 RTZ 2 (çèìà)
"DiffService with multiple files some changed" time elapsed: 00:00:00
----------------------------------------------------------

53/110 Testing: HashService calculateHash on empty file returns 0
53/110 Test: HashService calculateHash on empty file returns 0
Command: "C:/Users/Mash/Desktop/PKS/BackupSystem/build/tests/unit_tests.exe" "HashService calculateHash on empty file returns 0"
Directory: C:/Users/Mash/Desktop/PKS/BackupSystem/build/tests
"HashService calculateHash on empty file returns 0" start time: May 13 21:43 RTZ 2 (çèìà)
Output:
----------------------------------------------------------
Filters: "HashService calculateHash on empty file returns 0"
Randomness seeded to: 1731233068
===============================================================================
All tests passed (2 assertions in 1 test case)

<end of output>
Test time =   0.02 sec
----------------------------------------------------------
Test Passed.
"HashService calculateHash on empty file returns 0" end time: May 13 21:43 RTZ 2 (çèìà)
"HashService calculateHash on empty file returns 0" time elapsed: 00:00:00
----------------------------------------------------------

54/110 Testing: HashService same content yields same hash
54/110 Test: HashService same content yields same hash
Command: "C:/Users/Mash/Desktop/PKS/BackupSystem/build/tests/unit_tests.exe" "HashService same content yields same hash"
Directory: C:/Users/Mash/Desktop/PKS/BackupSystem/build/tests
"HashService same content yields same hash" start time: May 13 21:43 RTZ 2 (çèìà)
Output:
----------------------------------------------------------
Filters: "HashService same content yields same hash"
Randomness seeded to: 1787241473
===============================================================================
All tests passed (1 assertion in 1 test case)

<end of output>
Test time =   0.02 sec
----------------------------------------------------------
Test Passed.
"HashService same content yields same hash" end time: May 13 21:43 RTZ 2 (çèìà)
"HashService same content yields same hash" time elapsed: 00:00:00
----------------------------------------------------------

55/110 Testing: HashService different content yields different hash
55/110 Test: HashService different content yields different hash
Command: "C:/Users/Mash/Desktop/PKS/BackupSystem/build/tests/unit_tests.exe" "HashService different content yields different hash"
Directory: C:/Users/Mash/Desktop/PKS/BackupSystem/build/tests
"HashService different content yields different hash" start time: May 13 21:43 RTZ 2 (çèìà)
Output:
----------------------------------------------------------
Filters: "HashService different content yields different hash"
Randomness seeded to: 2623378641
===============================================================================
All tests passed (1 assertion in 1 test case)

<end of output>
Test time =   0.02 sec
----------------------------------------------------------
Test Passed.
"HashService different content yields different hash" end time: May 13 21:43 RTZ 2 (çèìà)
"HashService different content yields different hash" time elapsed: 00:00:00
----------------------------------------------------------

56/110 Testing: HashService large file (1 MB) does not crash
56/110 Test: HashService large file (1 MB) does not crash
Command: "C:/Users/Mash/Desktop/PKS/BackupSystem/build/tests/unit_tests.exe" "HashService large file (1 MB) does not crash"
Directory: C:/Users/Mash/Desktop/PKS/BackupSystem/build/tests
"HashService large file (1 MB) does not crash" start time: May 13 21:43 RTZ 2 (çèìà)
Output:
----------------------------------------------------------
Filters: "HashService large file (1 MB) does not crash"
Randomness seeded to: 1190546831
===============================================================================
All tests passed (1 assertion in 1 test case)

<end of output>
Test time =   0.04 sec
----------------------------------------------------------
Test Passed.
"HashService large file (1 MB) does not crash" end time: May 13 21:43 RTZ 2 (çèìà)
"HashService large file (1 MB) does not crash" time elapsed: 00:00:00
----------------------------------------------------------

57/110 Testing: HashService binary file integrity
57/110 Test: HashService binary file integrity
Command: "C:/Users/Mash/Desktop/PKS/BackupSystem/build/tests/unit_tests.exe" "HashService binary file integrity"
Directory: C:/Users/Mash/Desktop/PKS/BackupSystem/build/tests
"HashService binary file integrity" start time: May 13 21:43 RTZ 2 (çèìà)
Output:
----------------------------------------------------------
Filters: "HashService binary file integrity"
Randomness seeded to: 1176955983
===============================================================================
All tests passed (1 assertion in 1 test case)

<end of output>
Test time =   0.02 sec
----------------------------------------------------------
Test Passed.
"HashService binary file integrity" end time: May 13 21:43 RTZ 2 (çèìà)
"HashService binary file integrity" time elapsed: 00:00:00
----------------------------------------------------------

58/110 Testing: HashService non-existent file returns empty string
58/110 Test: HashService non-existent file returns empty string
Command: "C:/Users/Mash/Desktop/PKS/BackupSystem/build/tests/unit_tests.exe" "HashService non-existent file returns empty string"
Directory: C:/Users/Mash/Desktop/PKS/BackupSystem/build/tests
"HashService non-existent file returns empty string" start time: May 13 21:43 RTZ 2 (çèìà)
Output:
----------------------------------------------------------
Filters: "HashService non-existent file returns empty string"
Randomness seeded to: 1390435967
===============================================================================
All tests passed (1 assertion in 1 test case)

<end of output>
Test time =   0.02 sec
----------------------------------------------------------
Test Passed.
"HashService non-existent file returns empty string" end time: May 13 21:43 RTZ 2 (çèìà)
"HashService non-existent file returns empty string" time elapsed: 00:00:00
----------------------------------------------------------

59/110 Testing: FileService listFiles on empty directory
59/110 Test: FileService listFiles on empty directory
Command: "C:/Users/Mash/Desktop/PKS/BackupSystem/build/tests/unit_tests.exe" "FileService listFiles on empty directory"
Directory: C:/Users/Mash/Desktop/PKS/BackupSystem/build/tests
"FileService listFiles on empty directory" start time: May 13 21:43 RTZ 2 (çèìà)
Output:
----------------------------------------------------------
Filters: "FileService listFiles on empty directory"
Randomness seeded to: 3582311410
===============================================================================
All tests passed (1 assertion in 1 test case)

<end of output>
Test time =   0.02 sec
----------------------------------------------------------
Test Passed.
"FileService listFiles on empty directory" end time: May 13 21:43 RTZ 2 (çèìà)
"FileService listFiles on empty directory" time elapsed: 00:00:00
----------------------------------------------------------

60/110 Testing: FileService listFiles on non-existent directory throws
60/110 Test: FileService listFiles on non-existent directory throws
Command: "C:/Users/Mash/Desktop/PKS/BackupSystem/build/tests/unit_tests.exe" "FileService listFiles on non-existent directory throws"
Directory: C:/Users/Mash/Desktop/PKS/BackupSystem/build/tests
"FileService listFiles on non-existent directory throws" start time: May 13 21:43 RTZ 2 (çèìà)
Output:
----------------------------------------------------------
Filters: "FileService listFiles on non-existent directory throws"
Randomness seeded to: 2362818363
===============================================================================
All tests passed (1 assertion in 1 test case)

<end of output>
Test time =   0.02 sec
----------------------------------------------------------
Test Passed.
"FileService listFiles on non-existent directory throws" end time: May 13 21:43 RTZ 2 (çèìà)
"FileService listFiles on non-existent directory throws" time elapsed: 00:00:00
----------------------------------------------------------

61/110 Testing: FileService listFiles finds all files recursively
61/110 Test: FileService listFiles finds all files recursively
Command: "C:/Users/Mash/Desktop/PKS/BackupSystem/build/tests/unit_tests.exe" "FileService listFiles finds all files recursively"
Directory: C:/Users/Mash/Desktop/PKS/BackupSystem/build/tests
"FileService listFiles finds all files recursively" start time: May 13 21:43 RTZ 2 (çèìà)
Output:
----------------------------------------------------------
Filters: "FileService listFiles finds all files recursively"
Randomness seeded to: 1869050636
===============================================================================
All tests passed (1 assertion in 1 test case)

<end of output>
Test time =   0.03 sec
----------------------------------------------------------
Test Passed.
"FileService listFiles finds all files recursively" end time: May 13 21:43 RTZ 2 (çèìà)
"FileService listFiles finds all files recursively" time elapsed: 00:00:00
----------------------------------------------------------

62/110 Testing: FileService copyFile copies content
62/110 Test: FileService copyFile copies content
Command: "C:/Users/Mash/Desktop/PKS/BackupSystem/build/tests/unit_tests.exe" "FileService copyFile copies content"
Directory: C:/Users/Mash/Desktop/PKS/BackupSystem/build/tests
"FileService copyFile copies content" start time: May 13 21:43 RTZ 2 (çèìà)
Output:
----------------------------------------------------------
Filters: "FileService copyFile copies content"
Randomness seeded to: 2282258587
===============================================================================
All tests passed (2 assertions in 1 test case)

<end of output>
Test time =   0.03 sec
----------------------------------------------------------
Test Passed.
"FileService copyFile copies content" end time: May 13 21:43 RTZ 2 (çèìà)
"FileService copyFile copies content" time elapsed: 00:00:00
----------------------------------------------------------

63/110 Testing: FileService copyFile throws if source cannot be opened
63/110 Test: FileService copyFile throws if source cannot be opened
Command: "C:/Users/Mash/Desktop/PKS/BackupSystem/build/tests/unit_tests.exe" "FileService copyFile throws if source cannot be opened"
Directory: C:/Users/Mash/Desktop/PKS/BackupSystem/build/tests
"FileService copyFile throws if source cannot be opened" start time: May 13 21:43 RTZ 2 (çèìà)
Output:
----------------------------------------------------------
Filters: "FileService copyFile throws if source cannot be opened"
Randomness seeded to: 768119787
===============================================================================
All tests passed (1 assertion in 1 test case)

<end of output>
Test time =   0.02 sec
----------------------------------------------------------
Test Passed.
"FileService copyFile throws if source cannot be opened" end time: May 13 21:43 RTZ 2 (çèìà)
"FileService copyFile throws if source cannot be opened" time elapsed: 00:00:00
----------------------------------------------------------

64/110 Testing: JobConverter toDTO -> fromDTO roundtrip
64/110 Test: JobConverter toDTO -> fromDTO roundtrip
Command: "C:/Users/Mash/Desktop/PKS/BackupSystem/build/tests/unit_tests.exe" "JobConverter toDTO -> fromDTO roundtrip"
Directory: C:/Users/Mash/Desktop/PKS/BackupSystem/build/tests
"JobConverter toDTO -> fromDTO roundtrip" start time: May 13 21:43 RTZ 2 (çèìà)
Output:
----------------------------------------------------------
Filters: "JobConverter toDTO -> fromDTO roundtrip"
Randomness seeded to: 1188966078
===============================================================================
All tests passed (4 assertions in 1 test case)

<end of output>
Test time =   0.02 sec
----------------------------------------------------------
Test Passed.
"JobConverter toDTO -> fromDTO roundtrip" end time: May 13 21:43 RTZ 2 (çèìà)
"JobConverter toDTO -> fromDTO roundtrip" time elapsed: 00:00:00
----------------------------------------------------------

65/110 Testing: JobConverter fromDTO with disabled job
65/110 Test: JobConverter fromDTO with disabled job
Command: "C:/Users/Mash/Desktop/PKS/BackupSystem/build/tests/unit_tests.exe" "JobConverter fromDTO with disabled job"
Directory: C:/Users/Mash/Desktop/PKS/BackupSystem/build/tests
"JobConverter fromDTO with disabled job" start time: May 13 21:43 RTZ 2 (çèìà)
Output:
----------------------------------------------------------
Filters: "JobConverter fromDTO with disabled job"
Randomness seeded to: 1275582187
===============================================================================
All tests passed (2 assertions in 1 test case)

<end of output>
Test time =   0.02 sec
----------------------------------------------------------
Test Passed.
"JobConverter fromDTO with disabled job" end time: May 13 21:43 RTZ 2 (çèìà)
"JobConverter fromDTO with disabled job" time elapsed: 00:00:00
----------------------------------------------------------

66/110 Testing: JobConverter toDTO preserves enable state
66/110 Test: JobConverter toDTO preserves enable state
Command: "C:/Users/Mash/Desktop/PKS/BackupSystem/build/tests/unit_tests.exe" "JobConverter toDTO preserves enable state"
Directory: C:/Users/Mash/Desktop/PKS/BackupSystem/build/tests
"JobConverter toDTO preserves enable state" start time: May 13 21:43 RTZ 2 (çèìà)
Output:
----------------------------------------------------------
Filters: "JobConverter toDTO preserves enable state"
Randomness seeded to: 3873173668
===============================================================================
All tests passed (2 assertions in 1 test case)

<end of output>
Test time =   0.02 sec
----------------------------------------------------------
Test Passed.
"JobConverter toDTO preserves enable state" end time: May 13 21:43 RTZ 2 (çèìà)
"JobConverter toDTO preserves enable state" time elapsed: 00:00:00
----------------------------------------------------------

67/110 Testing: JobConverter empty strings in DTO
67/110 Test: JobConverter empty strings in DTO
Command: "C:/Users/Mash/Desktop/PKS/BackupSystem/build/tests/unit_tests.exe" "JobConverter empty strings in DTO"
Directory: C:/Users/Mash/Desktop/PKS/BackupSystem/build/tests
"JobConverter empty strings in DTO" start time: May 13 21:43 RTZ 2 (çèìà)
Output:
----------------------------------------------------------
Filters: "JobConverter empty strings in DTO"
Randomness seeded to: 1911507640
===============================================================================
All tests passed (4 assertions in 1 test case)

<end of output>
Test time =   0.02 sec
----------------------------------------------------------
Test Passed.
"JobConverter empty strings in DTO" end time: May 13 21:43 RTZ 2 (çèìà)
"JobConverter empty strings in DTO" time elapsed: 00:00:00
----------------------------------------------------------

68/110 Testing: JobConverter DTO with special characters
68/110 Test: JobConverter DTO with special characters
Command: "C:/Users/Mash/Desktop/PKS/BackupSystem/build/tests/unit_tests.exe" "JobConverter DTO with special characters"
Directory: C:/Users/Mash/Desktop/PKS/BackupSystem/build/tests
"JobConverter DTO with special characters" start time: May 13 21:43 RTZ 2 (çèìà)
Output:
----------------------------------------------------------
Filters: "JobConverter DTO with special characters"
Randomness seeded to: 3866134413
===============================================================================
All tests passed (2 assertions in 1 test case)

<end of output>
Test time =   0.02 sec
----------------------------------------------------------
Test Passed.
"JobConverter DTO with special characters" end time: May 13 21:43 RTZ 2 (çèìà)
"JobConverter DTO with special characters" time elapsed: 00:00:00
----------------------------------------------------------

69/110 Testing: RestorePoint full constructor
69/110 Test: RestorePoint full constructor
Command: "C:/Users/Mash/Desktop/PKS/BackupSystem/build/tests/unit_tests.exe" "RestorePoint full constructor"
Directory: C:/Users/Mash/Desktop/PKS/BackupSystem/build/tests
"RestorePoint full constructor" start time: May 13 21:43 RTZ 2 (çèìà)
Output:
----------------------------------------------------------
Filters: "RestorePoint full constructor"
Randomness seeded to: 1033736850
===============================================================================
All tests passed (4 assertions in 1 test case)

<end of output>
Test time =   0.02 sec
----------------------------------------------------------
Test Passed.
"RestorePoint full constructor" end time: May 13 21:43 RTZ 2 (çèìà)
"RestorePoint full constructor" time elapsed: 00:00:00
----------------------------------------------------------

70/110 Testing: RestorePoint incremental type
70/110 Test: RestorePoint incremental type
Command: "C:/Users/Mash/Desktop/PKS/BackupSystem/build/tests/unit_tests.exe" "RestorePoint incremental type"
Directory: C:/Users/Mash/Desktop/PKS/BackupSystem/build/tests
"RestorePoint incremental type" start time: May 13 21:43 RTZ 2 (çèìà)
Output:
----------------------------------------------------------
Filters: "RestorePoint incremental type"
Randomness seeded to: 167285124
===============================================================================
All tests passed (1 assertion in 1 test case)

<end of output>
Test time =   0.02 sec
----------------------------------------------------------
Test Passed.
"RestorePoint incremental type" end time: May 13 21:43 RTZ 2 (çèìà)
"RestorePoint incremental type" time elapsed: 00:00:00
----------------------------------------------------------

71/110 Testing: RestorePoint default constructor creates empty
71/110 Test: RestorePoint default constructor creates empty
Command: "C:/Users/Mash/Desktop/PKS/BackupSystem/build/tests/unit_tests.exe" "RestorePoint default constructor creates empty"
Directory: C:/Users/Mash/Desktop/PKS/BackupSystem/build/tests
"RestorePoint default constructor creates empty" start time: May 13 21:43 RTZ 2 (çèìà)
Output:
----------------------------------------------------------
Filters: "RestorePoint default constructor creates empty"
Randomness seeded to: 2045848726
===============================================================================
All tests passed (2 assertions in 1 test case)

<end of output>
Test time =   0.02 sec
----------------------------------------------------------
Test Passed.
"RestorePoint default constructor creates empty" end time: May 13 21:43 RTZ 2 (çèìà)
"RestorePoint default constructor creates empty" time elapsed: 00:00:00
----------------------------------------------------------

72/110 Testing: RestorePoint timestamps can be compared
72/110 Test: RestorePoint timestamps can be compared
Command: "C:/Users/Mash/Desktop/PKS/BackupSystem/build/tests/unit_tests.exe" "RestorePoint timestamps can be compared"
Directory: C:/Users/Mash/Desktop/PKS/BackupSystem/build/tests
"RestorePoint timestamps can be compared" start time: May 13 21:43 RTZ 2 (çèìà)
Output:
----------------------------------------------------------
Filters: "RestorePoint timestamps can be compared"
Randomness seeded to: 223260683
===============================================================================
All tests passed (1 assertion in 1 test case)

<end of output>
Test time =   0.02 sec
----------------------------------------------------------
Test Passed.
"RestorePoint timestamps can be compared" end time: May 13 21:43 RTZ 2 (çèìà)
"RestorePoint timestamps can be compared" time elapsed: 00:00:00
----------------------------------------------------------

73/110 Testing: RestorePoint copy semantics
73/110 Test: RestorePoint copy semantics
Command: "C:/Users/Mash/Desktop/PKS/BackupSystem/build/tests/unit_tests.exe" "RestorePoint copy semantics"
Directory: C:/Users/Mash/Desktop/PKS/BackupSystem/build/tests
"RestorePoint copy semantics" start time: May 13 21:43 RTZ 2 (çèìà)
Output:
----------------------------------------------------------
Filters: "RestorePoint copy semantics"
Randomness seeded to: 2634339492
===============================================================================
All tests passed (4 assertions in 1 test case)

<end of output>
Test time =   0.02 sec
----------------------------------------------------------
Test Passed.
"RestorePoint copy semantics" end time: May 13 21:43 RTZ 2 (çèìà)
"RestorePoint copy semantics" time elapsed: 00:00:00
----------------------------------------------------------

74/110 Testing: RetentionPolicy defaults
74/110 Test: RetentionPolicy defaults
Command: "C:/Users/Mash/Desktop/PKS/BackupSystem/build/tests/unit_tests.exe" "RetentionPolicy defaults"
Directory: C:/Users/Mash/Desktop/PKS/BackupSystem/build/tests
"RetentionPolicy defaults" start time: May 13 21:43 RTZ 2 (çèìà)
Output:
----------------------------------------------------------
Filters: "RetentionPolicy defaults"
Randomness seeded to: 1509012848
===============================================================================
All tests passed (3 assertions in 1 test case)

<end of output>
Test time =   0.02 sec
----------------------------------------------------------
Test Passed.
"RetentionPolicy defaults" end time: May 13 21:43 RTZ 2 (çèìà)
"RetentionPolicy defaults" time elapsed: 00:00:00
----------------------------------------------------------

75/110 Testing: RetentionPolicy changeStorageSize
75/110 Test: RetentionPolicy changeStorageSize
Command: "C:/Users/Mash/Desktop/PKS/BackupSystem/build/tests/unit_tests.exe" "RetentionPolicy changeStorageSize"
Directory: C:/Users/Mash/Desktop/PKS/BackupSystem/build/tests
"RetentionPolicy changeStorageSize" start time: May 13 21:43 RTZ 2 (çèìà)
Output:
----------------------------------------------------------
Filters: "RetentionPolicy changeStorageSize"
Randomness seeded to: 379317401
===============================================================================
All tests passed (3 assertions in 1 test case)

<end of output>
Test time =   0.02 sec
----------------------------------------------------------
Test Passed.
"RetentionPolicy changeStorageSize" end time: May 13 21:43 RTZ 2 (çèìà)
"RetentionPolicy changeStorageSize" time elapsed: 00:00:00
----------------------------------------------------------

76/110 Testing: RetentionPolicy changeMaxDays
76/110 Test: RetentionPolicy changeMaxDays
Command: "C:/Users/Mash/Desktop/PKS/BackupSystem/build/tests/unit_tests.exe" "RetentionPolicy changeMaxDays"
Directory: C:/Users/Mash/Desktop/PKS/BackupSystem/build/tests
"RetentionPolicy changeMaxDays" start time: May 13 21:43 RTZ 2 (çèìà)
Output:
----------------------------------------------------------
Filters: "RetentionPolicy changeMaxDays"
Randomness seeded to: 396327488
===============================================================================
All tests passed (3 assertions in 1 test case)

<end of output>
Test time =   0.02 sec
----------------------------------------------------------
Test Passed.
"RetentionPolicy changeMaxDays" end time: May 13 21:43 RTZ 2 (çèìà)
"RetentionPolicy changeMaxDays" time elapsed: 00:00:00
----------------------------------------------------------

77/110 Testing: RetentionPolicy changeMinRestorePoints
77/110 Test: RetentionPolicy changeMinRestorePoints
Command: "C:/Users/Mash/Desktop/PKS/BackupSystem/build/tests/unit_tests.exe" "RetentionPolicy changeMinRestorePoints"
Directory: C:/Users/Mash/Desktop/PKS/BackupSystem/build/tests
"RetentionPolicy changeMinRestorePoints" start time: May 13 21:43 RTZ 2 (çèìà)
Output:
----------------------------------------------------------
Filters: "RetentionPolicy changeMinRestorePoints"
Randomness seeded to: 2823429736
===============================================================================
All tests passed (3 assertions in 1 test case)

<end of output>
Test time =   0.02 sec
----------------------------------------------------------
Test Passed.
"RetentionPolicy changeMinRestorePoints" end time: May 13 21:43 RTZ 2 (çèìà)
"RetentionPolicy changeMinRestorePoints" time elapsed: 00:00:00
----------------------------------------------------------

78/110 Testing: RetentionPolicy multiple changes
78/110 Test: RetentionPolicy multiple changes
Command: "C:/Users/Mash/Desktop/PKS/BackupSystem/build/tests/unit_tests.exe" "RetentionPolicy multiple changes"
Directory: C:/Users/Mash/Desktop/PKS/BackupSystem/build/tests
"RetentionPolicy multiple changes" start time: May 13 21:43 RTZ 2 (çèìà)
Output:
----------------------------------------------------------
Filters: "RetentionPolicy multiple changes"
Randomness seeded to: 1369862579
===============================================================================
All tests passed (3 assertions in 1 test case)

<end of output>
Test time =   0.02 sec
----------------------------------------------------------
Test Passed.
"RetentionPolicy multiple changes" end time: May 13 21:43 RTZ 2 (çèìà)
"RetentionPolicy multiple changes" time elapsed: 00:00:00
----------------------------------------------------------

79/110 Testing: RetentionPolicy independent modifications
79/110 Test: RetentionPolicy independent modifications
Command: "C:/Users/Mash/Desktop/PKS/BackupSystem/build/tests/unit_tests.exe" "RetentionPolicy independent modifications"
Directory: C:/Users/Mash/Desktop/PKS/BackupSystem/build/tests
"RetentionPolicy independent modifications" start time: May 13 21:43 RTZ 2 (çèìà)
Output:
----------------------------------------------------------
Filters: "RetentionPolicy independent modifications"
Randomness seeded to: 1613129727
===============================================================================
All tests passed (2 assertions in 1 test case)

<end of output>
Test time =   0.02 sec
----------------------------------------------------------
Test Passed.
"RetentionPolicy independent modifications" end time: May 13 21:43 RTZ 2 (çèìà)
"RetentionPolicy independent modifications" time elapsed: 00:00:00
----------------------------------------------------------

80/110 Testing: Schedule default constructor
80/110 Test: Schedule default constructor
Command: "C:/Users/Mash/Desktop/PKS/BackupSystem/build/tests/unit_tests.exe" "Schedule default constructor"
Directory: C:/Users/Mash/Desktop/PKS/BackupSystem/build/tests
"Schedule default constructor" start time: May 13 21:43 RTZ 2 (çèìà)
Output:
----------------------------------------------------------
[...]
Output:
----------------------------------------------------------
Filters: "BackupJob constructor with custom retention"
Randomness seeded to: 3662191023
===============================================================================
All tests passed (3 assertions in 1 test case)

<end of output>
Test time =   0.02 sec
----------------------------------------------------------
Test Passed.
"BackupJob constructor with custom retention" end time: May 13 21:43 RTZ 2 (çèìà)
"BackupJob constructor with custom retention" time elapsed: 00:00:00
----------------------------------------------------------

92/110 Testing: BackupJob default restore points and hashes are empty
92/110 Test: BackupJob default restore points and hashes are empty
Command: "C:/Users/Mash/Desktop/PKS/BackupSystem/build/tests/unit_tests.exe" "BackupJob default restore points and hashes are empty"
Directory: C:/Users/Mash/Desktop/PKS/BackupSystem/build/tests
"BackupJob default restore points and hashes are empty" start time: May 13 21:43 RTZ 2 (çèìà)
Output:
----------------------------------------------------------
Filters: "BackupJob default restore points and hashes are empty"
Randomness seeded to: 2829902736
===============================================================================
All tests passed (2 assertions in 1 test case)

<end of output>
Test time =   0.02 sec
----------------------------------------------------------
Test Passed.
"BackupJob default restore points and hashes are empty" end time: May 13 21:43 RTZ 2 (çèìà)
"BackupJob default restore points and hashes are empty" time elapsed: 00:00:00
----------------------------------------------------------

93/110 Testing: BackupJob enable sets both flags true
93/110 Test: BackupJob enable sets both flags true
Command: "C:/Users/Mash/Desktop/PKS/BackupSystem/build/tests/unit_tests.exe" "BackupJob enable sets both flags true"
Directory: C:/Users/Mash/Desktop/PKS/BackupSystem/build/tests
"BackupJob enable sets both flags true" start time: May 13 21:43 RTZ 2 (çèìà)
Output:
----------------------------------------------------------
Filters: "BackupJob enable sets both flags true"
Randomness seeded to: 3679573918
===============================================================================
All tests passed (3 assertions in 1 test case)

<end of output>
Test time =   0.02 sec
----------------------------------------------------------
Test Passed.
"BackupJob enable sets both flags true" end time: May 13 21:43 RTZ 2 (çèìà)
"BackupJob enable sets both flags true" time elapsed: 00:00:00
----------------------------------------------------------

94/110 Testing: BackupJob disable clears both flags
94/110 Test: BackupJob disable clears both flags
Command: "C:/Users/Mash/Desktop/PKS/BackupSystem/build/tests/unit_tests.exe" "BackupJob disable clears both flags"
Directory: C:/Users/Mash/Desktop/PKS/BackupSystem/build/tests
"BackupJob disable clears both flags" start time: May 13 21:43 RTZ 2 (çèìà)
Output:
----------------------------------------------------------
Filters: "BackupJob disable clears both flags"
Randomness seeded to: 3746894710
===============================================================================
All tests passed (2 assertions in 1 test case)

<end of output>
Test time =   0.02 sec
----------------------------------------------------------
Test Passed.
"BackupJob disable clears both flags" end time: May 13 21:43 RTZ 2 (çèìà)
"BackupJob disable clears both flags" time elapsed: 00:00:00
----------------------------------------------------------

95/110 Testing: BackupJob multiple enable/disable toggles
95/110 Test: BackupJob multiple enable/disable toggles
Command: "C:/Users/Mash/Desktop/PKS/BackupSystem/build/tests/unit_tests.exe" "BackupJob multiple enable/disable toggles"
Directory: C:/Users/Mash/Desktop/PKS/BackupSystem/build/tests
"BackupJob multiple enable/disable toggles" start time: May 13 21:43 RTZ 2 (çèìà)
Output:
----------------------------------------------------------
Filters: "BackupJob multiple enable/disable toggles"
Randomness seeded to: 3639976872
===============================================================================
All tests passed (2 assertions in 1 test case)

<end of output>
Test time =   0.02 sec
----------------------------------------------------------
Test Passed.
"BackupJob multiple enable/disable toggles" end time: May 13 21:43 RTZ 2 (çèìà)
"BackupJob multiple enable/disable toggles" time elapsed: 00:00:00
----------------------------------------------------------

96/110 Testing: BackupJob addRestorePoint stores points in order
96/110 Test: BackupJob addRestorePoint stores points in order
Command: "C:/Users/Mash/Desktop/PKS/BackupSystem/build/tests/unit_tests.exe" "BackupJob addRestorePoint stores points in order"
Directory: C:/Users/Mash/Desktop/PKS/BackupSystem/build/tests
"BackupJob addRestorePoint stores points in order" start time: May 13 21:43 RTZ 2 (çèìà)
Output:
----------------------------------------------------------
Filters: "BackupJob addRestorePoint stores points in order"
Randomness seeded to: 2118404260
===============================================================================
All tests passed (3 assertions in 1 test case)

<end of output>
Test time =   0.02 sec
----------------------------------------------------------
Test Passed.
"BackupJob addRestorePoint stores points in order" end time: May 13 21:43 RTZ 2 (çèìà)
"BackupJob addRestorePoint stores points in order" time elapsed: 00:00:00
----------------------------------------------------------

97/110 Testing: BackupJob addRestorePoint can add many
97/110 Test: BackupJob addRestorePoint can add many
Command: "C:/Users/Mash/Desktop/PKS/BackupSystem/build/tests/unit_tests.exe" "BackupJob addRestorePoint can add many"
Directory: C:/Users/Mash/Desktop/PKS/BackupSystem/build/tests
"BackupJob addRestorePoint can add many" start time: May 13 21:43 RTZ 2 (çèìà)
Output:
----------------------------------------------------------
Filters: "BackupJob addRestorePoint can add many"
Randomness seeded to: 903158869
===============================================================================
All tests passed (1 assertion in 1 test case)

<end of output>
Test time =   0.02 sec
----------------------------------------------------------
Test Passed.
"BackupJob addRestorePoint can add many" end time: May 13 21:43 RTZ 2 (çèìà)
"BackupJob addRestorePoint can add many" time elapsed: 00:00:00
----------------------------------------------------------

98/110 Testing: BackupJob updateFileHash adds or updates
98/110 Test: BackupJob updateFileHash adds or updates
Command: "C:/Users/Mash/Desktop/PKS/BackupSystem/build/tests/unit_tests.exe" "BackupJob updateFileHash adds or updates"
Directory: C:/Users/Mash/Desktop/PKS/BackupSystem/build/tests
"BackupJob updateFileHash adds or updates" start time: May 13 21:43 RTZ 2 (çèìà)
Output:
----------------------------------------------------------
Filters: "BackupJob updateFileHash adds or updates"
Randomness seeded to: 2453603362
===============================================================================
All tests passed (4 assertions in 1 test case)

<end of output>
Test time =   0.02 sec
----------------------------------------------------------
Test Passed.
"BackupJob updateFileHash adds or updates" end time: May 13 21:43 RTZ 2 (çèìà)
"BackupJob updateFileHash adds or updates" time elapsed: 00:00:00
----------------------------------------------------------

99/110 Testing: BackupJob clearFileHashes removes all
99/110 Test: BackupJob clearFileHashes removes all
Command: "C:/Users/Mash/Desktop/PKS/BackupSystem/build/tests/unit_tests.exe" "BackupJob clearFileHashes removes all"
Directory: C:/Users/Mash/Desktop/PKS/BackupSystem/build/tests
"BackupJob clearFileHashes removes all" start time: May 13 21:43 RTZ 2 (çèìà)
Output:
----------------------------------------------------------
Filters: "BackupJob clearFileHashes removes all"
Randomness seeded to: 2281640200
===============================================================================
All tests passed (1 assertion in 1 test case)

<end of output>
Test time =   0.02 sec
----------------------------------------------------------
Test Passed.
"BackupJob clearFileHashes removes all" end time: May 13 21:43 RTZ 2 (çèìà)
"BackupJob clearFileHashes removes all" time elapsed: 00:00:00
----------------------------------------------------------

100/110 Testing: BackupJob setFileHashes replaces existing
100/110 Test: BackupJob setFileHashes replaces existing
Command: "C:/Users/Mash/Desktop/PKS/BackupSystem/build/tests/unit_tests.exe" "BackupJob setFileHashes replaces existing"
Directory: C:/Users/Mash/Desktop/PKS/BackupSystem/build/tests
"BackupJob setFileHashes replaces existing" start time: May 13 21:43 RTZ 2 (çèìà)
Output:
----------------------------------------------------------
Filters: "BackupJob setFileHashes replaces existing"
Randomness seeded to: 1461866300
===============================================================================
All tests passed (2 assertions in 1 test case)

<end of output>
Test time =   0.02 sec
----------------------------------------------------------
Test Passed.
"BackupJob setFileHashes replaces existing" end time: May 13 21:43 RTZ 2 (çèìà)
"BackupJob setFileHashes replaces existing" time elapsed: 00:00:00
----------------------------------------------------------

101/110 Testing: BackupJob setId changes id
101/110 Test: BackupJob setId changes id
Command: "C:/Users/Mash/Desktop/PKS/BackupSystem/build/tests/unit_tests.exe" "BackupJob setId changes id"
Directory: C:/Users/Mash/Desktop/PKS/BackupSystem/build/tests
"BackupJob setId changes id" start time: May 13 21:43 RTZ 2 (çèìà)
Output:
----------------------------------------------------------
Filters: "BackupJob setId changes id"
Randomness seeded to: 2908609420
===============================================================================
All tests passed (1 assertion in 1 test case)

<end of output>
Test time =   0.02 sec
----------------------------------------------------------
Test Passed.
"BackupJob setId changes id" end time: May 13 21:43 RTZ 2 (çèìà)
"BackupJob setId changes id" time elapsed: 00:00:00
----------------------------------------------------------

102/110 Testing: BackupJob setName changes name
102/110 Test: BackupJob setName changes name
Command: "C:/Users/Mash/Desktop/PKS/BackupSystem/build/tests/unit_tests.exe" "BackupJob setName changes name"
Directory: C:/Users/Mash/Desktop/PKS/BackupSystem/build/tests
"BackupJob setName changes name" start time: May 13 21:43 RTZ 2 (çèìà)
Output:
----------------------------------------------------------
Filters: "BackupJob setName changes name"
Randomness seeded to: 4101105788
===============================================================================
All tests passed (1 assertion in 1 test case)

<end of output>
Test time =   0.02 sec
----------------------------------------------------------
Test Passed.
"BackupJob setName changes name" end time: May 13 21:43 RTZ 2 (çèìà)
"BackupJob setName changes name" time elapsed: 00:00:00
----------------------------------------------------------

103/110 Testing: BackupJob setSource changes source
103/110 Test: BackupJob setSource changes source
Command: "C:/Users/Mash/Desktop/PKS/BackupSystem/build/tests/unit_tests.exe" "BackupJob setSource changes source"
Directory: C:/Users/Mash/Desktop/PKS/BackupSystem/build/tests
"BackupJob setSource changes source" start time: May 13 21:43 RTZ 2 (çèìà)
Output:
----------------------------------------------------------
Filters: "BackupJob setSource changes source"
Randomness seeded to: 3329260955
===============================================================================
All tests passed (1 assertion in 1 test case)

<end of output>
Test time =   0.02 sec
----------------------------------------------------------
Test Passed.
"BackupJob setSource changes source" end time: May 13 21:43 RTZ 2 (çèìà)
"BackupJob setSource changes source" time elapsed: 00:00:00
----------------------------------------------------------

104/110 Testing: BackupJob setTarget changes target
104/110 Test: BackupJob setTarget changes target
Command: "C:/Users/Mash/Desktop/PKS/BackupSystem/build/tests/unit_tests.exe" "BackupJob setTarget changes target"
Directory: C:/Users/Mash/Desktop/PKS/BackupSystem/build/tests
"BackupJob setTarget changes target" start time: May 13 21:43 RTZ 2 (çèìà)
Output:
----------------------------------------------------------
Filters: "BackupJob setTarget changes target"
Randomness seeded to: 191140230
===============================================================================
All tests passed (1 assertion in 1 test case)

<end of output>
Test time =   0.02 sec
----------------------------------------------------------
Test Passed.
"BackupJob setTarget changes target" end time: May 13 21:43 RTZ 2 (çèìà)
"BackupJob setTarget changes target" time elapsed: 00:00:00
----------------------------------------------------------

105/110 Testing: Scenario: Complete lifecycle: create, edit, delete a job
105/110 Test: Scenario: Complete lifecycle: create, edit, delete a job
Command: "C:/Users/Mash/Desktop/PKS/BackupSystem/build/tests/test_scenarios.exe" "Scenario: Complete lifecycle: create\, edit\, delete a job"
Directory: C:/Users/Mash/Desktop/PKS/BackupSystem/build/tests
"Scenario: Complete lifecycle: create, edit, delete a job" start time: May 13 21:43 RTZ 2 (çèìà)
Output:
----------------------------------------------------------
Saved 1 jobs to "jobs.json"
Saved 1 jobs to "jobs.json"
Saved 1 jobs to "jobs.json"
Saved 1 jobs to "jobs.json"
Saved 1 jobs to "jobs.json"
Saved 0 jobs to "jobs.json"
Filters: "Scenario: Complete lifecycle: create\, edit\, delete a job"
Randomness seeded to: 3196381324
===============================================================================
All tests passed (4 assertions in 1 test case)

<end of output>
Test time =   0.04 sec
----------------------------------------------------------
Test Passed.
"Scenario: Complete lifecycle: create, edit, delete a job" end time: May 13 21:43 RTZ 2 (çèìà)
"Scenario: Complete lifecycle: create, edit, delete a job" time elapsed: 00:00:00
----------------------------------------------------------

106/110 Testing: Scenario: Scheduled backup respects interval
106/110 Test: Scenario: Scheduled backup respects interval
Command: "C:/Users/Mash/Desktop/PKS/BackupSystem/build/tests/test_scenarios.exe" "Scenario: Scheduled backup respects interval"
Directory: C:/Users/Mash/Desktop/PKS/BackupSystem/build/tests
"Scenario: Scheduled backup respects interval" start time: May 13 21:43 RTZ 2 (çèìà)
Output:
----------------------------------------------------------
Saved 1 jobs to "jobs.json"
Saved 1 jobs to "jobs.json"
Saved 1 jobs to "jobs.json"
Filters: "Scenario: Scheduled backup respects interval"
Randomness seeded to: 1335033675
===============================================================================
All tests passed (2 assertions in 1 test case)

<end of output>
Test time =   1.19 sec
----------------------------------------------------------
Test Passed.
"Scenario: Scheduled backup respects interval" end time: May 13 21:43 RTZ 2 (çèìà)
"Scenario: Scheduled backup respects interval" time elapsed: 00:00:01
----------------------------------------------------------

107/110 Testing: Scenario: Full and incremental backup with restore from latest
107/110 Test: Scenario: Full and incremental backup with restore from latest
Command: "C:/Users/Mash/Desktop/PKS/BackupSystem/build/tests/test_scenarios.exe" "Scenario: Full and incremental backup with restore from latest"
Directory: C:/Users/Mash/Desktop/PKS/BackupSystem/build/tests
"Scenario: Full and incremental backup with restore from latest" start time: May 13 21:43 RTZ 2 (çèìà)
Output:
----------------------------------------------------------
Saved 1 jobs to "jobs.json"
Saved 1 jobs to "jobs.json"
Saved 1 jobs to "jobs.json"
Saved 1 jobs to "jobs.json"
Filters: "Scenario: Full and incremental backup with restore from latest"
Randomness seeded to: 2434566903
===============================================================================
All tests passed (5 assertions in 1 test case)

<end of output>
Test time =   0.17 sec
----------------------------------------------------------
Test Passed.
"Scenario: Full and incremental backup with restore from latest" end time: May 13 21:43 RTZ 2 (çèìà)
"Scenario: Full and incremental backup with restore from latest" time elapsed: 00:00:00
----------------------------------------------------------

108/110 Testing: Scenario: Retention policy by max size
108/110 Test: Scenario: Retention policy by max size
Command: "C:/Users/Mash/Desktop/PKS/BackupSystem/build/tests/test_scenarios.exe" "Scenario: Retention policy by max size"
Directory: C:/Users/Mash/Desktop/PKS/BackupSystem/build/tests
"Scenario: Retention policy by max size" start time: May 13 21:43 RTZ 2 (çèìà)
Output:
----------------------------------------------------------
Saved 1 jobs to "jobs.json"
Saved 1 jobs to "jobs.json"
Saved 1 jobs to "jobs.json"
Saved 1 jobs to "jobs.json"
Filters: "Scenario: Retention policy by max size"
Randomness seeded to: 3186144577
===============================================================================
All tests passed (1 assertion in 1 test case)

<end of output>
Test time =   0.10 sec
----------------------------------------------------------
Test Passed.
"Scenario: Retention policy by max size" end time: May 13 21:43 RTZ 2 (çèìà)
"Scenario: Retention policy by max size" time elapsed: 00:00:00
----------------------------------------------------------

109/110 Testing: Scenario: Retention policy by max days
109/110 Test: Scenario: Retention policy by max days
Command: "C:/Users/Mash/Desktop/PKS/BackupSystem/build/tests/test_scenarios.exe" "Scenario: Retention policy by max days"
Directory: C:/Users/Mash/Desktop/PKS/BackupSystem/build/tests
"Scenario: Retention policy by max days" start time: May 13 21:43 RTZ 2 (çèìà)
Output:
----------------------------------------------------------
Saved 1 jobs to "jobs.json"
Saved 1 jobs to "jobs.json"
Saved 1 jobs to "jobs.json"
Filters: "Scenario: Retention policy by max days"
Randomness seeded to: 4239697247
===============================================================================
All tests passed (2 assertions in 1 test case)

<end of output>
Test time =   0.05 sec
----------------------------------------------------------
Test Passed.
"Scenario: Retention policy by max days" end time: May 13 21:43 RTZ 2 (çèìà)
"Scenario: Retention policy by max days" time elapsed: 00:00:00
----------------------------------------------------------

110/110 Testing: Scenario: Error handling: backup when source file is locked
110/110 Test: Scenario: Error handling: backup when source file is locked
Command: "C:/Users/Mash/Desktop/PKS/BackupSystem/build/tests/test_scenarios.exe" "Scenario: Error handling: backup when source file is locked"
Directory: C:/Users/Mash/Desktop/PKS/BackupSystem/build/tests
"Scenario: Error handling: backup when source file is locked" start time: May 13 21:43 RTZ 2 (çèìà)
Output:
----------------------------------------------------------
Saved 1 jobs to "jobs.json"
Saved 1 jobs to "jobs.json"
Saved 1 jobs to "jobs.json"
Filters: "Scenario: Error handling: backup when source file is locked"
Randomness seeded to: 1131083754
===============================================================================
test cases: 1 | 1 passed
assertions: - none -

<end of output>
Test time =   0.04 sec
----------------------------------------------------------
Test Passed.
"Scenario: Error handling: backup when source file is locked" end time: May 13 21:43 RTZ 2 (çèìà)
"Scenario: Error handling: backup when source file is locked" time elapsed: 00:00:00
----------------------------------------------------------

End testing: May 13 21:43 RTZ 2 (çèìà)
